<?xml version="1.0" encoding="UTF-8"?>
<!-- Generated by org.testng.reporters.JUnitReportReporter -->
<testsuite hostname="MAVCHN1121589" failures="0" tests="2" name="TestNG.ParallelTesting" time="12.093" errors="0" timestamp="2022-06-08T16:11:33 IST" skipped="0">
  <testcase classname="TestNG.ParallelTesting" name="openBing" time="4.956"/>
  <system-out/>
  <testcase classname="TestNG.ParallelTesting" name="openGoogle" time="7.137"/>
  <system-out/>
</testsuite> <!-- TestNG.ParallelTesting -->
