<?xml version="1.0" encoding="UTF-8"?>
<!-- Generated by org.testng.reporters.JUnitReportReporter -->
<testsuite hostname="MAVCHN1121589" failures="0" tests="4" name="TestNG.GroupingExample" time="0.007" errors="0" timestamp="2022-06-08T15:58:28 IST" skipped="0">
  <testcase classname="TestNG.GroupingExample" name="vivo2" time="0.001"/>
  <system-out/>
  <testcase classname="TestNG.GroupingExample" name="moto2" time="0.000"/>
  <system-out/>
  <testcase classname="TestNG.GroupingExample" name="vivo1" time="0.001"/>
  <system-out/>
  <testcase classname="TestNG.GroupingExample" name="moto1" time="0.005"/>
  <system-out/>
</testsuite> <!-- TestNG.GroupingExample -->
