<?xml version="1.0" encoding="UTF-8"?>
<!-- Generated by org.testng.reporters.JUnitReportReporter -->
<testsuite hostname="MAVCHN1121589" failures="0" tests="6" name="TestNG.SkipATestCase" time="0.001" errors="0" timestamp="2022-06-08T12:54:00 IST" skipped="1">
  <testcase classname="TestNG.SkipATestCase" name="startTheCar" time="0.000"/>
  <system-out/>
  <testcase classname="TestNG.SkipATestCase" name="putFirstGear" time="0.000"/>
  <system-out/>
  <testcase classname="TestNG.SkipATestCase" name="putSecGear" time="0.000"/>
  <system-out/>
  <testcase classname="TestNG.SkipATestCase" name="putThirdGear" time="0.000"/>
  <system-out/>
  <testcase classname="TestNG.SkipATestCase" name="putFourthGear" time="0.001"/>
  <system-out/>
  <testcase classname="TestNG.SkipATestCase" name="MusicOn">
    <skipped/>
  </testcase> <!-- MusicOn -->
  <system-out/>
</testsuite> <!-- TestNG.SkipATestCase -->
