<?xml version="1.0" encoding="UTF-8"?>
<!-- Generated by org.testng.reporters.JUnitReportReporter -->
<testsuite hostname="MAVCHN1121589" failures="0" tests="1" name="TestNG.ParameterizationExample" time="0.007" errors="0" timestamp="2022-06-08T15:59:49 IST" skipped="0">
  <testcase classname="TestNG.ParameterizationExample" name="printName" time="0.007"/>
  <system-out/>
</testsuite> <!-- TestNG.ParameterizationExample -->
