<?xml version="1.0" encoding="UTF-8"?>
<!-- Generated by org.testng.reporters.JUnitReportReporter -->
<testsuite hostname="MAVCHN1121589" failures="0" tests="6" name="TestNG.DependenciesManagment" time="0.008" errors="0" timestamp="2022-06-08T12:54:00 IST" skipped="0">
  <testcase classname="TestNG.DependenciesManagment" name="startTheCar" time="0.006"/>
  <system-out/>
  <testcase classname="TestNG.DependenciesManagment" name="putFirstGear" time="0.000"/>
  <system-out/>
  <testcase classname="TestNG.DependenciesManagment" name="putSecGear" time="0.001"/>
  <system-out/>
  <testcase classname="TestNG.DependenciesManagment" name="putThirdGear" time="0.000"/>
  <system-out/>
  <testcase classname="TestNG.DependenciesManagment" name="putFourthGear" time="0.001"/>
  <system-out/>
  <testcase classname="TestNG.DependenciesManagment" name="MusicOn" time="0.000"/>
  <system-out/>
</testsuite> <!-- TestNG.DependenciesManagment -->
