<?xml version="1.0" encoding="UTF-8"?>
<!-- Generated by org.testng.reporters.JUnitReportReporter -->
<testsuite hostname="MAVCHN1121589" failures="0" tests="3" name="TestNG.SuiteExample" time="4.998" errors="0" timestamp="2022-06-08T12:05:35 IST" skipped="0">
  <testcase classname="TestNG.SuiteExample" name="openBing" time="0.792"/>
  <system-out/>
  <testcase classname="TestNG.SuiteExample" name="openGoogle" time="1.894"/>
  <system-out/>
  <testcase classname="TestNG.SuiteExample" name="openYahoo" time="2.312"/>
  <system-out/>
</testsuite> <!-- TestNG.SuiteExample -->
