<?xml version="1.0" encoding="UTF-8"?>
<!-- Generated by org.testng.reporters.JUnitReportReporter -->
<testsuite hostname="MAVCHN1121589" failures="0" tests="5" name="TestNG.DriveACar" time="0.002" errors="0" timestamp="2022-06-08T12:54:00 IST" skipped="0">
  <testcase classname="TestNG.DriveACar" name="startTheCar" time="0.000"/>
  <system-out/>
  <testcase classname="TestNG.DriveACar" name="putFirstGear" time="0.000"/>
  <system-out/>
  <testcase classname="TestNG.DriveACar" name="putSecGear" time="0.000"/>
  <system-out/>
  <testcase classname="TestNG.DriveACar" name="putThirdGear" time="0.001"/>
  <system-out/>
  <testcase classname="TestNG.DriveACar" name="putFourthGear" time="0.001"/>
  <system-out/>
</testsuite> <!-- TestNG.DriveACar -->
