<?xml version="1.0" encoding="UTF-8"?>
<!-- Generated by org.testng.reporters.JUnitReportReporter -->
<testsuite hostname="MAVCHN1121589" failures="0" tests="1" name="TestNG.AnnotationsHirarchyExample" time="0.005" errors="0" timestamp="2022-06-08T18:00:06 IST" skipped="0">
  <testcase classname="TestNG.AnnotationsHirarchyExample" name="Test" time="0.005"/>
  <system-out/>
</testsuite> <!-- TestNG.AnnotationsHirarchyExample -->
