<?xml version="1.0" encoding="UTF-8"?>
<!-- Generated by org.testng.reporters.JUnitReportReporter -->
<testsuite hostname="MAVCHN1121589" failures="0" tests="1" name="TestNG.SampleTestCase" time="0.015" errors="0" timestamp="2022-06-08T18:35:59 IST" skipped="0">
  <testcase classname="TestNG.SampleTestCase" name="firstTestCase" time="0.015"/>
  <system-out/>
</testsuite> <!-- TestNG.SampleTestCase -->
